CompilerOracle: exclude org/eclipse/core/internal/dtree/DataTreeNode.forwardDeltaWith
CompilerOracle: exclude org/eclipse/jdt/internal/compiler/lookup/ParameterizedMethodBinding.<init>
CompilerOracle: exclude org/eclipse/cdt/internal/core/dom/parser/cpp/semantics/CPPTemplates.instantiateTemplate
CompilerOracle: exclude org/eclipse/cdt/internal/core/pdom/dom/cpp/PDOMCPPLinkage.addBinding
CompilerOracle: exclude org/python/pydev/editor/codecompletion/revisited/PythonPathHelper.isValidSourceFile
CompilerOracle
: exclude org/eclipse/tycho/core/osgitools/EquinoxResolver.newState
CompilerOracle: exclude org/eclipse/core/internal/dtree/DataTreeNode.forwardDeltaWith
CompilerOracle: exclude org/eclipse/jdt/internal/compiler/lookup/ParameterizedMethodBinding.<init>
CompilerOracle: exclude org/eclipse/cdt/internal/core/dom/parser/cpp/semantics/CPPTemplates.instantiateTemplate
CompilerOracle: exclude org/eclipse/cdt/internal/core/pdom/dom/cpp/PDOMCPPLinkage.addBinding
CompilerOracle: exclude org/python/pydev/editor/codeco
mpletion/revisited/PythonPathHelper.isValidSourceFile
CompilerOracle: exclude org/eclipse/tycho/core/osgitools/EquinoxResolver.newState
bundleentry://227.fwk1964418715/conf/refactoring.scm:115:30: warning - more
than one possibly applicable method 'getTextFileBuffer' in
org.eclipse.core.filebuffers.ITextFileBufferManager
  candidate: org.eclipse.core.filebuffers.ITextFileBuffer
org.eclipse.core.filebuffers.ITextFileBufferManager.getTextFileBuffer(org.eclipse.jface.text.IDocument)
  candidate: org.eclipse.co
re.filebuffers.ITextFileBuffer
org.eclipse.core.filebuffers.ITextFileBufferManager.getTextFileBuffer(org.eclipse.core.runtime.IPath)
Eclipse: Fatal IO error 11 (Resource temporarily unavailable) on X server :0.
Eclipse: Cannot open display: 
Eclipse:
JVM terminated. Exit code=1
/usr/bin/java
-Xms128m
-Xmx512m
-Dorg.eclipse.swt.browser.UseWebKitGTK=true
-Dhelp.lucene.tokenizer=standard
-XX:CompileCommand=exclude,org/eclipse/core/internal/dtree/DataTreeNode,forwardDeltaWith
-XX:CompileCommand=exclude,org/ecli
pse/jdt/internal/compiler/lookup/ParameterizedMethodBinding,<init>
-XX:CompileCommand=exclude,org/eclipse/cdt/internal/core/dom/parser/cpp/semantics/CPPTemplates,instantiateTemplate
-XX:CompileCommand=exclude,org/eclipse/cdt/internal/core/pdom/dom/cpp/PDOMCPPLinkage,addBinding
-XX:CompileCommand=exclude,org/python/pydev/editor/codecompletion/revisited/PythonPathHelper,isValidSourceFile
-XX:CompileCommand=exclude,org/eclipse/tycho/core/osgitools/EquinoxResolver,newState
-Dorg.eclipse.equinox.p2.reconciler.dr
opins.directory=/usr/share/eclipse/dropins
-Declipse.p2.skipMovedInstallDetection=true
-XX:MaxPermSize=256m
-jar /usr/lib64/eclipse//plugins/org.eclipse.equinox.launcher_1.3.0.v20131104-1241.jar
-os linux
-ws gtk
-arch x86_64
-showsplash /usr/lib64/eclipse//plugins/org.eclipse.platform_4.3.1.v20131104-1237/splash.bmp
-launcher /usr/lib64/eclipse/eclipse
-name Eclipse
--launcher.library /usr/lib64/eclipse//plugins/org.eclipse.equinox.launcher.gtk.linux.x86_64_1.1.200.v20131104-1241/eclipse_1508.so
-startup /
usr/lib64/eclipse//plugins/org.eclipse.equinox.launcher_1.3.0.v20131104-1241.jar
--launcher.appendVmargs
-exitdata 260003
-preventMasterEclipseLaunch
-vm /usr/bin/java
-vmargs
-Xms128m
-Xmx512m
-Dorg.eclipse.swt.browser.UseWebKitGTK=true
-Dhelp.lucene.tokenizer=standard
-XX:CompileCommand=exclude,org/eclipse/core/internal/dtree/DataTreeNode,forwardDeltaWith
-XX:CompileCommand=exclude,org/eclipse/jdt/internal/compiler/lookup/ParameterizedMethodBinding,<init>
-XX:CompileCommand=exclude,org/eclipse/cdt/interna
l/core/dom/parser/cpp/semantics/CPPTemplates,instantiateTemplate
-XX:CompileCommand=exclude,org/eclipse/cdt/internal/core/pdom/dom/cpp/PDOMCPPLinkage,addBinding
-XX:CompileCommand=exclude,org/python/pydev/editor/codecompletion/revisited/PythonPathHelper,isValidSourceFile
-XX:CompileCommand=exclude,org/eclipse/tycho/core/osgitools/EquinoxResolver,newState
-Dorg.eclipse.equinox.p2.reconciler.dropins.directory=/usr/share/eclipse/dropins
-Declipse.p2.skipMovedInstallDetection=true
-XX:MaxPermSize=256m
-jar /usr
/lib64/eclipse//plugins/org.eclipse.equinox.launcher_1.3.0.v20131104-1241.jar 

